{"uuid":"0acbf761-46b2-4add-9b8c-2e3fa7faad0a","historyId":"fe4f81a644d7d03449ba252e2ca84202","fullName":"com.a3k.testCases.smoke.A3k_Admin.testAdmin","labels":[{"name":"package","value":"com.a3k.testCases.smoke.A3k_Admin"},{"name":"testClass","value":"com.a3k.testCases.smoke.A3k_Admin"},{"name":"testMethod","value":"testAdmin"},{"name":"parentSuite","value":"Default Suite"},{"name":"suite","value":"AchieveS"},{"name":"subSuite","value":"com.a3k.testCases.smoke.A3k_Admin"},{"name":"host","value":"avk"},{"name":"thread","value":"8224@avk.main(1)"}],"links":[],"name":"testAdmin","status":"failed","statusDetails":{"known":false,"muted":false,"flaky":false,"message":"Element not found {by text: Edit class information}\nExpected: visible","trace":"Element not found {by text: Edit class information}\nExpected: visible\nScreenshot: file:/C:/Users/Alex/IdeaProjects/AchieveS/build/reports/tests/1534329816094.0.png\nPage source: file:/C:/Users/Alex/IdeaProjects/AchieveS/build/reports/tests/1534329816094.0.html\nTimeout: 4 s.\nCaused by: NoSuchElementException: no such element: Unable to locate element: {\"method\":\"xpath\",\"selector\":\".//*/text()[normalize-space(translate(string(.), '\r\n\tat com.codeborne.selenide.impl.WebElementSource.createElementNotFoundError(WebElementSource.java:31)\r\n\tat com.codeborne.selenide.impl.ElementFinder.createElementNotFoundError(ElementFinder.java:82)\r\n\tat com.codeborne.selenide.impl.WebElementSource.checkCondition(WebElementSource.java:59)\r\n\tat com.codeborne.selenide.impl.WebElementSource.findAndAssertElementIsVisible(WebElementSource.java:72)\r\n\tat com.codeborne.selenide.commands.Click.execute(Click.java:16)\r\n\tat com.codeborne.selenide.commands.Click.execute(Click.java:12)\r\n\tat com.codeborne.selenide.commands.Commands.execute(Commands.java:144)\r\n\tat com.codeborne.selenide.impl.SelenideElementProxy.dispatchAndRetry(SelenideElementProxy.java:90)\r\n\tat com.codeborne.selenide.impl.SelenideElementProxy.invoke(SelenideElementProxy.java:65)\r\n\tat com.sun.proxy.$Proxy41.click(Unknown Source)\r\n\tat com.a3k.pages.AdminPage.clickOnEditClassInformation(AdminPage.java:54)\r\n\tat com.a3k.testCases.smoke.A3k_Admin.verifyClassEditor(A3k_Admin.java:152)\r\n\tat com.a3k.testCases.smoke.A3k_Admin.testAdmin(A3k_Admin.java:115)\r\n\tat sun.reflect.NativeMethodAccessorImpl.invoke0(Native Method)\r\n\tat sun.reflect.NativeMethodAccessorImpl.invoke(NativeMethodAccessorImpl.java:62)\r\n\tat sun.reflect.DelegatingMethodAccessorImpl.invoke(DelegatingMethodAccessorImpl.java:43)\r\n\tat java.lang.reflect.Method.invoke(Method.java:498)\r\n\tat org.testng.internal.MethodInvocationHelper.invokeMethod(MethodInvocationHelper.java:124)\r\n\tat org.testng.internal.Invoker.invokeMethod(Invoker.java:583)\r\n\tat org.testng.internal.Invoker.invokeTestMethod(Invoker.java:719)\r\n\tat org.testng.internal.Invoker.invokeTestMethods(Invoker.java:989)\r\n\tat org.testng.internal.TestMethodWorker.invokeTestMethods(TestMethodWorker.java:125)\r\n\tat org.testng.internal.TestMethodWorker.run(TestMethodWorker.java:109)\r\n\tat org.testng.TestRunner.privateRun(TestRunner.java:648)\r\n\tat org.testng.TestRunner.run(TestRunner.java:505)\r\n\tat org.testng.SuiteRunner.runTest(SuiteRunner.java:455)\r\n\tat org.testng.SuiteRunner.runSequentially(SuiteRunner.java:450)\r\n\tat org.testng.SuiteRunner.privateRun(SuiteRunner.java:415)\r\n\tat org.testng.SuiteRunner.run(SuiteRunner.java:364)\r\n\tat org.testng.SuiteRunnerWorker.runSuite(SuiteRunnerWorker.java:52)\r\n\tat org.testng.SuiteRunnerWorker.run(SuiteRunnerWorker.java:84)\r\n\tat org.testng.TestNG.runSuitesSequentially(TestNG.java:1208)\r\n\tat org.testng.TestNG.runSuitesLocally(TestNG.java:1137)\r\n\tat org.testng.TestNG.runSuites(TestNG.java:1049)\r\n\tat org.testng.TestNG.run(TestNG.java:1017)\r\n\tat org.testng.IDEARemoteTestNG.run(IDEARemoteTestNG.java:72)\r\n\tat org.testng.RemoteTestNGStarter.main(RemoteTestNGStarter.java:123)\r\nCaused by: org.openqa.selenium.NoSuchElementException: no such element: Unable to locate element: {\"method\":\"xpath\",\"selector\":\".//*/text()[normalize-space(translate(string(.), '\t\n\r ', '    ')) = \"Edit class information\"]/parent::*\"}\n  (Session info: chrome=68.0.3440.106)\n  (Driver info: chromedriver=2.40.565498 (ea082db3280dd6843ebfb08a625e3eb905c4f5ab),platform=Windows NT 6.2.9200 x86_64) (WARNING: The server did not provide any stacktrace information)\nCommand duration or timeout: 0 milliseconds\nFor documentation on this error, please visit: http://seleniumhq.org/exceptions/no_such_element.html\nBuild info: version: '3.13.0', revision: '2f0d292', time: '2018-06-25T15:24:21.231Z'\nSystem info: host: 'AVK', ip: '192.168.110.132', os.name: 'Windows 8', os.arch: 'amd64', os.version: '6.2', java.version: '1.8.0_162'\nDriver info: org.openqa.selenium.chrome.ChromeDriver\nCapabilities {acceptInsecureCerts: false, acceptSslCerts: false, applicationCacheEnabled: false, browserConnectionEnabled: false, browserName: chrome, chrome: {chromedriverVersion: 2.40.565498 (ea082db3280dd6..., userDataDir: C:\\Users\\Alex\\AppData\\Local...}, cssSelectorsEnabled: true, databaseEnabled: false, handlesAlerts: true, hasTouchScreen: false, javascriptEnabled: true, locationContextEnabled: true, mobileEmulationEnabled: false, nativeEvents: true, networkConnectionEnabled: false, pageLoadStrategy: normal, platform: XP, platformName: XP, rotatable: false, setWindowRect: true, takesHeapSnapshot: true, takesScreenshot: true, unexpectedAlertBehaviour: , unhandledPromptBehavior: , version: 68.0.3440.106, webStorageEnabled: true}\nSession ID: e42c35dff2b2413f570e2cdbc25d88fd\n*** Element info: {Using=xpath, value=.//*/text()[normalize-space(translate(string(.), '\t\n\r ', '    ')) = \"Edit class information\"]/parent::*}\r\n\tat sun.reflect.GeneratedConstructorAccessor27.newInstance(Unknown Source)\r\n\tat sun.reflect.DelegatingConstructorAccessorImpl.newInstance(DelegatingConstructorAccessorImpl.java:45)\r\n\tat java.lang.reflect.Constructor.newInstance(Constructor.java:423)\r\n\tat org.openqa.selenium.remote.ErrorHandler.createThrowable(ErrorHandler.java:214)\r\n\tat org.openqa.selenium.remote.ErrorHandler.throwIfResponseFailed(ErrorHandler.java:166)\r\n\tat org.openqa.selenium.remote.http.JsonHttpResponseCodec.reconstructValue(JsonHttpResponseCodec.java:40)\r\n\tat org.openqa.selenium.remote.http.AbstractHttpResponseCodec.decode(AbstractHttpResponseCodec.java:80)\r\n\tat org.openqa.selenium.remote.http.AbstractHttpResponseCodec.decode(AbstractHttpResponseCodec.java:44)\r\n\tat org.openqa.selenium.remote.HttpCommandExecutor.execute(HttpCommandExecutor.java:158)\r\n\tat org.openqa.selenium.remote.service.DriverCommandExecutor.execute(DriverCommandExecutor.java:83)\r\n\tat org.openqa.selenium.remote.RemoteWebDriver.execute(RemoteWebDriver.java:548)\r\n\tat org.openqa.selenium.remote.RemoteWebDriver.findElement(RemoteWebDriver.java:322)\r\n\tat org.openqa.selenium.remote.RemoteWebDriver.findElementByXPath(RemoteWebDriver.java:424)\r\n\tat org.openqa.selenium.By$ByXPath.findElement(By.java:353)\r\n\tat org.openqa.selenium.remote.RemoteWebDriver.findElement(RemoteWebDriver.java:314)\r\n\tat com.codeborne.selenide.impl.WebElementSelector.findElement(WebElementSelector.java:29)\r\n\tat com.codeborne.selenide.impl.ElementFinder.getWebElement(ElementFinder.java:56)\r\n\tat com.codeborne.selenide.impl.WebElementSource.checkCondition(WebElementSource.java:44)\r\n\t... 34 more\r\n"},"stage":"finished","start":1534329766690,"stop":1534329817505,"parameters":[{"name":"arg0","value":"kidbizteach.one"},{"name":"arg1","value":"kidbizteach.one"},{"name":"arg2","value":""},{"name":"arg3","value":"Boost Class 3g"},{"name":"arg4","value":"english"},{"name":"arg5","value":"spanish"}]}