{"uuid":"162a088e-cad6-45a8-8722-34c7c412e0b6","historyId":"1573e7e45191037e3fac00084c1eaab1","fullName":"com.a3k.testCases.smoke.FiveStep_student_empower.verifyLesson_EmpowerStudent","labels":[{"name":"package","value":"com.a3k.testCases.smoke.FiveStep_student_empower"},{"name":"testClass","value":"com.a3k.testCases.smoke.FiveStep_student_empower"},{"name":"testMethod","value":"verifyLesson_EmpowerStudent"},{"name":"parentSuite","value":"SmokeTest"},{"name":"suite","value":"Smoke Tests"},{"name":"subSuite","value":"com.a3k.testCases.smoke.FiveStep_student_empower"},{"name":"host","value":"avk"},{"name":"thread","value":"8700@avk.TestNG-test=Smoke Tests-3(17)"}],"links":[],"name":"verifyLesson_EmpowerStudent","status":"failed","statusDetails":{"known":false,"muted":false,"flaky":false,"message":"Element not found {By.xpath: //li[contains(@onclick,'view_page(20, 1)')]/div[@title]}\nExpected: exist","trace":"Element not found {By.xpath: //li[contains(@onclick,'view_page(20, 1)')]/div[@title]}\nExpected: exist\nScreenshot: file:/C:/Users/Alex/IdeaProjects/AchieveS/build/reports/tests/1537263185758.0.png\nPage source: file:/C:/Users/Alex/IdeaProjects/AchieveS/build/reports/tests/1537263185758.0.html\nTimeout: 4 s.\nCaused by: WebDriverException: unknown error: Element <div class=\"monarchTab tabTitle2line         rolloverText\" data-text=\"Stretch Activity\" data-rollover=\"Stretch Activity\" title=\"Stretch Activity\">...</div> is not clickable at point (824, 40). Other element would receive the click: <div class=\"middleNav tabindex\" title=\"Motivation Menu\" tabindex=\"0\">...</div>\r\n\tat com.codeborne.selenide.impl.WebElementSource.createElementNotFoundError(WebElementSource.java:31)\r\n\tat com.codeborne.selenide.impl.ElementFinder.createElementNotFoundError(ElementFinder.java:82)\r\n\tat com.codeborne.selenide.impl.SelenideElementProxy.dispatchAndRetry(SelenideElementProxy.java:119)\r\n\tat com.codeborne.selenide.impl.SelenideElementProxy.invoke(SelenideElementProxy.java:65)\r\n\tat com.sun.proxy.$Proxy45.click(Unknown Source)\r\n\tat com.a3k.pages.Lesson.goToStretchActivityTab(Lesson.java:890)\r\n\tat com.a3k.testCases.smoke.FiveStep_student_empower.verifyStretchTab(FiveStep_student_empower.java:276)\r\n\tat com.a3k.testCases.smoke.FiveStep_student_empower.verifyLesson_EmpowerStudent(FiveStep_student_empower.java:80)\r\n\tat sun.reflect.NativeMethodAccessorImpl.invoke0(Native Method)\r\n\tat sun.reflect.NativeMethodAccessorImpl.invoke(NativeMethodAccessorImpl.java:62)\r\n\tat sun.reflect.DelegatingMethodAccessorImpl.invoke(DelegatingMethodAccessorImpl.java:43)\r\n\tat java.lang.reflect.Method.invoke(Method.java:498)\r\n\tat org.testng.internal.MethodInvocationHelper.invokeMethod(MethodInvocationHelper.java:124)\r\n\tat org.testng.internal.Invoker.invokeMethod(Invoker.java:583)\r\n\tat org.testng.internal.Invoker.invokeTestMethod(Invoker.java:719)\r\n\tat org.testng.internal.Invoker.invokeTestMethods(Invoker.java:989)\r\n\tat org.testng.internal.TestMethodWorker.invokeTestMethods(TestMethodWorker.java:125)\r\n\tat org.testng.internal.TestMethodWorker.run(TestMethodWorker.java:109)\r\n\tat java.util.concurrent.ThreadPoolExecutor.runWorker(ThreadPoolExecutor.java:1149)\r\n\tat java.util.concurrent.ThreadPoolExecutor$Worker.run(ThreadPoolExecutor.java:624)\r\n\tat java.lang.Thread.run(Thread.java:748)\r\nCaused by: org.openqa.selenium.WebDriverException: unknown error: Element <div class=\"monarchTab tabTitle2line         rolloverText\" data-text=\"Stretch Activity\" data-rollover=\"Stretch Activity\" title=\"Stretch Activity\">...</div> is not clickable at point (824, 40). Other element would receive the click: <div class=\"middleNav tabindex\" title=\"Motivation Menu\" tabindex=\"0\">...</div>\n  (Session info: chrome=69.0.3497.92)\n  (Driver info: chromedriver=2.42.591088 (7b2b2dca23cca0862f674758c9a3933e685c27d5),platform=Windows NT 6.2.9200 x86_64) (WARNING: The server did not provide any stacktrace information)\nCommand duration or timeout: 0 milliseconds\nBuild info: version: '3.13.0', revision: '2f0d292', time: '2018-06-25T15:24:21.231Z'\nSystem info: host: 'AVK', ip: '169.254.195.205', os.name: 'Windows 8', os.arch: 'amd64', os.version: '6.2', java.version: '1.8.0_162'\nDriver info: org.openqa.selenium.chrome.ChromeDriver\nCapabilities {acceptInsecureCerts: false, acceptSslCerts: false, applicationCacheEnabled: false, browserConnectionEnabled: false, browserName: chrome, chrome: {chromedriverVersion: 2.42.591088 (7b2b2dca23cca0..., userDataDir: C:\\Users\\Alex\\AppData\\Local...}, cssSelectorsEnabled: true, databaseEnabled: false, goog:chromeOptions: {debuggerAddress: localhost:58116}, handlesAlerts: true, hasTouchScreen: false, javascriptEnabled: true, locationContextEnabled: true, mobileEmulationEnabled: false, nativeEvents: true, networkConnectionEnabled: false, pageLoadStrategy: normal, platform: XP, platformName: XP, rotatable: false, setWindowRect: true, takesHeapSnapshot: true, takesScreenshot: true, unexpectedAlertBehaviour: , unhandledPromptBehavior: , version: 69.0.3497.92, webStorageEnabled: true}\nSession ID: 2999ccbbbeaaf318084071fb15439748\r\n\tat sun.reflect.NativeConstructorAccessorImpl.newInstance0(Native Method)\r\n\tat sun.reflect.NativeConstructorAccessorImpl.newInstance(NativeConstructorAccessorImpl.java:62)\r\n\tat sun.reflect.DelegatingConstructorAccessorImpl.newInstance(DelegatingConstructorAccessorImpl.java:45)\r\n\tat java.lang.reflect.Constructor.newInstance(Constructor.java:423)\r\n\tat org.openqa.selenium.remote.ErrorHandler.createThrowable(ErrorHandler.java:214)\r\n\tat org.openqa.selenium.remote.ErrorHandler.throwIfResponseFailed(ErrorHandler.java:166)\r\n\tat org.openqa.selenium.remote.http.JsonHttpResponseCodec.reconstructValue(JsonHttpResponseCodec.java:40)\r\n\tat org.openqa.selenium.remote.http.AbstractHttpResponseCodec.decode(AbstractHttpResponseCodec.java:80)\r\n\tat org.openqa.selenium.remote.http.AbstractHttpResponseCodec.decode(AbstractHttpResponseCodec.java:44)\r\n\tat org.openqa.selenium.remote.HttpCommandExecutor.execute(HttpCommandExecutor.java:158)\r\n\tat org.openqa.selenium.remote.service.DriverCommandExecutor.execute(DriverCommandExecutor.java:83)\r\n\tat org.openqa.selenium.remote.RemoteWebDriver.execute(RemoteWebDriver.java:548)\r\n\tat org.openqa.selenium.remote.RemoteWebElement.execute(RemoteWebElement.java:276)\r\n\tat org.openqa.selenium.remote.RemoteWebElement.click(RemoteWebElement.java:83)\r\n\tat com.codeborne.selenide.commands.Click.click(Click.java:29)\r\n\tat com.codeborne.selenide.commands.Click.execute(Click.java:16)\r\n\tat com.codeborne.selenide.commands.Click.execute(Click.java:12)\r\n\tat com.codeborne.selenide.commands.Commands.execute(Commands.java:144)\r\n\tat com.codeborne.selenide.impl.SelenideElementProxy.dispatchAndRetry(SelenideElementProxy.java:90)\r\n\t... 18 more\r\n"},"stage":"finished","start":1537262969005,"stop":1537263187145,"parameters":[{"name":"language","value":"english"},{"name":"browser","value":"firefox"},{"name":"testName","value":"smoke"},{"name":"arg0","value":"empowerstud.one"},{"name":"arg1","value":"empowerstud.one"},{"name":"arg2","value":""},{"name":"arg3","value":"Empower Class 10g"},{"name":"arg4","value":"english"},{"name":"arg5","value":"smoke"}]}