{"uuid":"190d749d-0275-4c67-8d9f-f23af460b4eb","historyId":"d4d477384fbc0bf2cd82777a4c706a7f","fullName":"com.a3k.testCases.incognita.part3.US10021.check_US10021","labels":[{"name":"package","value":"com.a3k.testCases.incognita.part3.US10021"},{"name":"testClass","value":"com.a3k.testCases.incognita.part3.US10021"},{"name":"testMethod","value":"check_US10021"},{"name":"parentSuite","value":"Default Suite"},{"name":"suite","value":"AchieveS"},{"name":"subSuite","value":"com.a3k.testCases.incognita.part3.US10021"},{"name":"host","value":"avk"},{"name":"thread","value":"1172@avk.main(1)"}],"links":[],"name":"check_US10021","status":"failed","statusDetails":{"known":false,"muted":false,"flaky":false,"message":"Element not found {By.xpath: .//*[@class = 'submitSearch']}\nExpected: exist","trace":"Element not found {By.xpath: .//*[@class = 'submitSearch']}\nExpected: exist\nScreenshot: file:/C:/Users/Alex/IdeaProjects/AchieveS/build/reports/tests/1537361647041.0.png\nPage source: file:/C:/Users/Alex/IdeaProjects/AchieveS/build/reports/tests/1537361647041.0.html\nTimeout: 4 s.\nCaused by: WebDriverException: unknown error: Element <div id=\"search-btn-0123\" class=\"submitSearch\">...</div> is not clickable at point (545, 195). Other element would receive the click: <div class=\"walkme-custom-balloon-title\" style=\"display: block; padding: 12px 13px 0px 15px; margin: 0px; vertical-align: baseline; border-collapse: inherit; background: none; border-spacing: 1px; line-height: normal; height: auto; text-indent: inherit; letter-spacing: normal; text-transform: none; width: auto; box-shadow: none; text-shadow: none; border-width: initial; border-style: none; border-color: initial; position: static; top: auto; left: auto; transition: none 0s ease 0s; direction: ltr; text-align: left; font-size: 14px; color: rgb(55, 55, 55);\">...</div>\r\n\tat com.codeborne.selenide.impl.WebElementSource.createElementNotFoundError(WebElementSource.java:31)\r\n\tat com.codeborne.selenide.impl.ElementFinder.createElementNotFoundError(ElementFinder.java:82)\r\n\tat com.codeborne.selenide.impl.SelenideElementProxy.dispatchAndRetry(SelenideElementProxy.java:119)\r\n\tat com.codeborne.selenide.impl.SelenideElementProxy.invoke(SelenideElementProxy.java:65)\r\n\tat com.sun.proxy.$Proxy42.click(Unknown Source)\r\n\tat com.a3k.pages.Page.clickActionsChange(Page.java:259)\r\n\tat com.a3k.pages.Page.clickActions(Page.java:233)\r\n\tat com.a3k.pages.HomePage.search(HomePage.java:288)\r\n\tat com.a3k.testCases.incognita.part3.US10021.verifyTextInputQwerty(US10021.java:147)\r\n\tat com.a3k.testCases.incognita.part3.US10021.check_US10021(US10021.java:49)\r\n\tat sun.reflect.NativeMethodAccessorImpl.invoke0(Native Method)\r\n\tat sun.reflect.NativeMethodAccessorImpl.invoke(NativeMethodAccessorImpl.java:62)\r\n\tat sun.reflect.DelegatingMethodAccessorImpl.invoke(DelegatingMethodAccessorImpl.java:43)\r\n\tat java.lang.reflect.Method.invoke(Method.java:498)\r\n\tat org.testng.internal.MethodInvocationHelper.invokeMethod(MethodInvocationHelper.java:124)\r\n\tat org.testng.internal.Invoker.invokeMethod(Invoker.java:583)\r\n\tat org.testng.internal.Invoker.invokeTestMethod(Invoker.java:719)\r\n\tat org.testng.internal.Invoker.invokeTestMethods(Invoker.java:989)\r\n\tat org.testng.internal.TestMethodWorker.invokeTestMethods(TestMethodWorker.java:125)\r\n\tat org.testng.internal.TestMethodWorker.run(TestMethodWorker.java:109)\r\n\tat org.testng.TestRunner.privateRun(TestRunner.java:648)\r\n\tat org.testng.TestRunner.run(TestRunner.java:505)\r\n\tat org.testng.SuiteRunner.runTest(SuiteRunner.java:455)\r\n\tat org.testng.SuiteRunner.runSequentially(SuiteRunner.java:450)\r\n\tat org.testng.SuiteRunner.privateRun(SuiteRunner.java:415)\r\n\tat org.testng.SuiteRunner.run(SuiteRunner.java:364)\r\n\tat org.testng.SuiteRunnerWorker.runSuite(SuiteRunnerWorker.java:52)\r\n\tat org.testng.SuiteRunnerWorker.run(SuiteRunnerWorker.java:84)\r\n\tat org.testng.TestNG.runSuitesSequentially(TestNG.java:1208)\r\n\tat org.testng.TestNG.runSuitesLocally(TestNG.java:1137)\r\n\tat org.testng.TestNG.runSuites(TestNG.java:1049)\r\n\tat org.testng.TestNG.run(TestNG.java:1017)\r\n\tat org.testng.IDEARemoteTestNG.run(IDEARemoteTestNG.java:72)\r\n\tat org.testng.RemoteTestNGStarter.main(RemoteTestNGStarter.java:123)\r\nCaused by: org.openqa.selenium.WebDriverException: unknown error: Element <div id=\"search-btn-0123\" class=\"submitSearch\">...</div> is not clickable at point (545, 195). Other element would receive the click: <div class=\"walkme-custom-balloon-title\" style=\"display: block; padding: 12px 13px 0px 15px; margin: 0px; vertical-align: baseline; border-collapse: inherit; background: none; border-spacing: 1px; line-height: normal; height: auto; text-indent: inherit; letter-spacing: normal; text-transform: none; width: auto; box-shadow: none; text-shadow: none; border-width: initial; border-style: none; border-color: initial; position: static; top: auto; left: auto; transition: none 0s ease 0s; direction: ltr; text-align: left; font-size: 14px; color: rgb(55, 55, 55);\">...</div>\n  (Session info: chrome=69.0.3497.100)\n  (Driver info: chromedriver=2.42.591088 (7b2b2dca23cca0862f674758c9a3933e685c27d5),platform=Windows NT 6.2.9200 x86_64) (WARNING: The server did not provide any stacktrace information)\nCommand duration or timeout: 0 milliseconds\nBuild info: version: '3.13.0', revision: '2f0d292', time: '2018-06-25T15:24:21.231Z'\nSystem info: host: 'AVK', ip: '192.168.110.132', os.name: 'Windows 8', os.arch: 'amd64', os.version: '6.2', java.version: '1.8.0_162'\nDriver info: org.openqa.selenium.chrome.ChromeDriver\nCapabilities {acceptInsecureCerts: false, acceptSslCerts: false, applicationCacheEnabled: false, browserConnectionEnabled: false, browserName: chrome, chrome: {chromedriverVersion: 2.42.591088 (7b2b2dca23cca0..., userDataDir: C:\\Users\\Alex\\AppData\\Local...}, cssSelectorsEnabled: true, databaseEnabled: false, goog:chromeOptions: {debuggerAddress: localhost:57912}, handlesAlerts: true, hasTouchScreen: false, javascriptEnabled: true, locationContextEnabled: true, mobileEmulationEnabled: false, nativeEvents: true, networkConnectionEnabled: false, pageLoadStrategy: normal, platform: XP, platformName: XP, rotatable: false, setWindowRect: true, takesHeapSnapshot: true, takesScreenshot: true, unexpectedAlertBehaviour: , unhandledPromptBehavior: , version: 69.0.3497.100, webStorageEnabled: true}\nSession ID: f0d6d9e8e5d7c2ae74e234c459035649\r\n\tat sun.reflect.NativeConstructorAccessorImpl.newInstance0(Native Method)\r\n\tat sun.reflect.NativeConstructorAccessorImpl.newInstance(NativeConstructorAccessorImpl.java:62)\r\n\tat sun.reflect.DelegatingConstructorAccessorImpl.newInstance(DelegatingConstructorAccessorImpl.java:45)\r\n\tat java.lang.reflect.Constructor.newInstance(Constructor.java:423)\r\n\tat org.openqa.selenium.remote.ErrorHandler.createThrowable(ErrorHandler.java:214)\r\n\tat org.openqa.selenium.remote.ErrorHandler.throwIfResponseFailed(ErrorHandler.java:166)\r\n\tat org.openqa.selenium.remote.http.JsonHttpResponseCodec.reconstructValue(JsonHttpResponseCodec.java:40)\r\n\tat org.openqa.selenium.remote.http.AbstractHttpResponseCodec.decode(AbstractHttpResponseCodec.java:80)\r\n\tat org.openqa.selenium.remote.http.AbstractHttpResponseCodec.decode(AbstractHttpResponseCodec.java:44)\r\n\tat org.openqa.selenium.remote.HttpCommandExecutor.execute(HttpCommandExecutor.java:158)\r\n\tat org.openqa.selenium.remote.service.DriverCommandExecutor.execute(DriverCommandExecutor.java:83)\r\n\tat org.openqa.selenium.remote.RemoteWebDriver.execute(RemoteWebDriver.java:548)\r\n\tat org.openqa.selenium.remote.RemoteWebElement.execute(RemoteWebElement.java:276)\r\n\tat org.openqa.selenium.remote.RemoteWebElement.click(RemoteWebElement.java:83)\r\n\tat com.codeborne.selenide.commands.Click.click(Click.java:29)\r\n\tat com.codeborne.selenide.commands.Click.execute(Click.java:16)\r\n\tat com.codeborne.selenide.commands.Click.execute(Click.java:12)\r\n\tat com.codeborne.selenide.commands.Commands.execute(Commands.java:144)\r\n\tat com.codeborne.selenide.impl.SelenideElementProxy.dispatchAndRetry(SelenideElementProxy.java:90)\r\n\t... 31 more\r\n"},"stage":"finished","start":1537361628288,"stop":1537361649686,"parameters":[{"name":"arg0","value":"usteach10021.alex"},{"name":"arg1","value":"usteach10021.alex"},{"name":"arg2","value":""},{"name":"arg3","value":""}]}