{"uuid":"39ab3cac-d13d-4348-ab71-c864a238aee9","historyId":"ab613a61233f6a5e30fd2cbfa5787138","fullName":"com.a3k.smoke.A3k_Home.studentHomePage","labels":[{"name":"package","value":"com.a3k.smoke.A3k_Home"},{"name":"testClass","value":"com.a3k.smoke.A3k_Home"},{"name":"testMethod","value":"studentHomePage"},{"name":"parentSuite","value":"Default Suite"},{"name":"suite","value":"AchieveS"},{"name":"subSuite","value":"com.a3k.smoke.A3k_Home"},{"name":"host","value":"avk"},{"name":"thread","value":"6452@avk.main(1)"}],"links":[],"name":"studentHomePage","status":"failed","statusDetails":{"known":false,"muted":false,"flaky":false,"message":"Element not found {.startButton.button,a#home-button}\nExpected: visible","trace":"Element not found {.startButton.button,a#home-button}\nExpected: visible\nScreenshot: file:/C:/Users/Alex/IdeaProjects/AchieveS/build/reports/tests/1533910922218.0.png\nPage source: file:/C:/Users/Alex/IdeaProjects/AchieveS/build/reports/tests/1533910922218.0.html\nTimeout: 4 s.\nCaused by: NoSuchElementException: Unable to locate element: .startButton.button,a#home-button\r\n\tat com.codeborne.selenide.impl.WebElementSource.createElementNotFoundError(WebElementSource.java:31)\r\n\tat com.codeborne.selenide.impl.ElementFinder.createElementNotFoundError(ElementFinder.java:82)\r\n\tat com.codeborne.selenide.impl.WebElementSource.checkCondition(WebElementSource.java:59)\r\n\tat com.codeborne.selenide.impl.WebElementSource.findAndAssertElementIsVisible(WebElementSource.java:72)\r\n\tat com.codeborne.selenide.commands.Click.execute(Click.java:16)\r\n\tat com.codeborne.selenide.commands.Click.execute(Click.java:12)\r\n\tat com.codeborne.selenide.commands.Commands.execute(Commands.java:144)\r\n\tat com.codeborne.selenide.impl.SelenideElementProxy.dispatchAndRetry(SelenideElementProxy.java:90)\r\n\tat com.codeborne.selenide.impl.SelenideElementProxy.invoke(SelenideElementProxy.java:65)\r\n\tat com.sun.proxy.$Proxy42.click(Unknown Source)\r\n\tat com.a3k.pages.Page.clickActionsChange(Page.java:144)\r\n\tat com.a3k.pages.Page.clickActions(Page.java:133)\r\n\tat com.a3k.pages.HomePage.openLesson(HomePage.java:84)\r\n\tat com.a3k.smoke.A3k_Home.studentHomePage(A3k_Home.java:42)\r\n\tat sun.reflect.NativeMethodAccessorImpl.invoke0(Native Method)\r\n\tat sun.reflect.NativeMethodAccessorImpl.invoke(NativeMethodAccessorImpl.java:62)\r\n\tat sun.reflect.DelegatingMethodAccessorImpl.invoke(DelegatingMethodAccessorImpl.java:43)\r\n\tat java.lang.reflect.Method.invoke(Method.java:498)\r\n\tat org.testng.internal.MethodInvocationHelper.invokeMethod(MethodInvocationHelper.java:124)\r\n\tat org.testng.internal.Invoker.invokeMethod(Invoker.java:583)\r\n\tat org.testng.internal.Invoker.invokeTestMethod(Invoker.java:719)\r\n\tat org.testng.internal.Invoker.invokeTestMethods(Invoker.java:989)\r\n\tat org.testng.internal.TestMethodWorker.invokeTestMethods(TestMethodWorker.java:125)\r\n\tat org.testng.internal.TestMethodWorker.run(TestMethodWorker.java:109)\r\n\tat org.testng.TestRunner.privateRun(TestRunner.java:648)\r\n\tat org.testng.TestRunner.run(TestRunner.java:505)\r\n\tat org.testng.SuiteRunner.runTest(SuiteRunner.java:455)\r\n\tat org.testng.SuiteRunner.runSequentially(SuiteRunner.java:450)\r\n\tat org.testng.SuiteRunner.privateRun(SuiteRunner.java:415)\r\n\tat org.testng.SuiteRunner.run(SuiteRunner.java:364)\r\n\tat org.testng.SuiteRunnerWorker.runSuite(SuiteRunnerWorker.java:52)\r\n\tat org.testng.SuiteRunnerWorker.run(SuiteRunnerWorker.java:84)\r\n\tat org.testng.TestNG.runSuitesSequentially(TestNG.java:1208)\r\n\tat org.testng.TestNG.runSuitesLocally(TestNG.java:1137)\r\n\tat org.testng.TestNG.runSuites(TestNG.java:1049)\r\n\tat org.testng.TestNG.run(TestNG.java:1017)\r\n\tat org.testng.IDEARemoteTestNG.run(IDEARemoteTestNG.java:72)\r\n\tat org.testng.RemoteTestNGStarter.main(RemoteTestNGStarter.java:123)\r\nCaused by: org.openqa.selenium.NoSuchElementException: Unable to locate element: .startButton.button,a#home-button\nFor documentation on this error, please visit: http://seleniumhq.org/exceptions/no_such_element.html\nBuild info: version: '3.13.0', revision: '2f0d292', time: '2018-06-25T15:24:21.231Z'\nSystem info: host: 'AVK', ip: '192.168.110.132', os.name: 'Windows 8', os.arch: 'amd64', os.version: '6.2', java.version: '1.8.0_162'\nDriver info: org.openqa.selenium.firefox.FirefoxDriver\nCapabilities {acceptInsecureCerts: true, browserName: firefox, browserVersion: 61.0.1, javascriptEnabled: true, moz:accessibilityChecks: false, moz:headless: false, moz:processID: 7000, moz:profile: C:\\Users\\Alex\\AppData\\Local..., moz:useNonSpecCompliantPointerOrigin: false, moz:webdriverClick: true, pageLoadStrategy: normal, platform: XP, platformName: XP, platformVersion: 6.2, rotatable: false, timeouts: {implicit: 0, pageLoad: 300000, script: 30000}}\nSession ID: 3771259c-137f-431e-a62f-11fd4394bee6\n*** Element info: {Using=css selector, value=.startButton.button,a#home-button}\r\n\tat sun.reflect.GeneratedConstructorAccessor24.newInstance(Unknown Source)\r\n\tat sun.reflect.DelegatingConstructorAccessorImpl.newInstance(DelegatingConstructorAccessorImpl.java:45)\r\n\tat java.lang.reflect.Constructor.newInstance(Constructor.java:423)\r\n\tat org.openqa.selenium.remote.http.W3CHttpResponseCodec.createException(W3CHttpResponseCodec.java:187)\r\n\tat org.openqa.selenium.remote.http.W3CHttpResponseCodec.decode(W3CHttpResponseCodec.java:122)\r\n\tat org.openqa.selenium.remote.http.W3CHttpResponseCodec.decode(W3CHttpResponseCodec.java:49)\r\n\tat org.openqa.selenium.remote.HttpCommandExecutor.execute(HttpCommandExecutor.java:158)\r\n\tat org.openqa.selenium.remote.service.DriverCommandExecutor.execute(DriverCommandExecutor.java:83)\r\n\tat org.openqa.selenium.remote.RemoteWebDriver.execute(RemoteWebDriver.java:548)\r\n\tat org.openqa.selenium.remote.RemoteWebDriver.findElement(RemoteWebDriver.java:322)\r\n\tat org.openqa.selenium.remote.RemoteWebDriver.findElementByCssSelector(RemoteWebDriver.java:416)\r\n\tat org.openqa.selenium.By$ByCssSelector.findElement(By.java:431)\r\n\tat org.openqa.selenium.remote.RemoteWebDriver.findElement(RemoteWebDriver.java:314)\r\n\tat com.codeborne.selenide.impl.WebElementSelector.findElement(WebElementSelector.java:29)\r\n\tat com.codeborne.selenide.impl.ElementFinder.getWebElement(ElementFinder.java:56)\r\n\tat com.codeborne.selenide.impl.WebElementSource.checkCondition(WebElementSource.java:44)\r\n\t... 35 more\r\n"},"stage":"finished","start":1533910915249,"stop":1533910922947,"parameters":[{"name":"arg0","value":"teenbizstud.one"},{"name":"arg1","value":"teenbizstud.one"},{"name":"arg2","value":"Pro Class 6g"},{"name":"arg3","value":"english"},{"name":"arg4","value":"smoke"}]}