{"uuid":"9c2b7ab6-2fd1-420d-83dc-63b8305bc982","historyId":"3f497e975fc140a468950089906dbce0","fullName":"com.a3k.testCases.incognita.part3.US13443_US9954_SparkAndKBAUsers.check_US13443_US9954_SparkAndKBAUsers","labels":[{"name":"package","value":"com.a3k.testCases.incognita.part3.US13443_US9954_SparkAndKBAUsers"},{"name":"testClass","value":"com.a3k.testCases.incognita.part3.US13443_US9954_SparkAndKBAUsers"},{"name":"testMethod","value":"check_US13443_US9954_SparkAndKBAUsers"},{"name":"parentSuite","value":"IncognitaTeam"},{"name":"suite","value":"IncognitaTeam"},{"name":"subSuite","value":"com.a3k.testCases.incognita.part3.US13443_US9954_SparkAndKBAUsers"},{"name":"host","value":"avk"},{"name":"thread","value":"6696@avk.TestNG-test=IncognitaTeam-4(17)"}],"links":[],"name":"check_US13443_US9954_SparkAndKBAUsers","status":"failed","statusDetails":{"known":false,"muted":false,"flaky":false,"message":"Element not found {By.xpath: .//a[contains(@id, 'menu_link')][1]}\nExpected: exist","trace":"Element not found {By.xpath: .//a[contains(@id, 'menu_link')][1]}\nExpected: exist\nScreenshot: file:/C:/Users/Alex/IdeaProjects/AchieveS/build/reports/tests/1537370999389.0.png\nPage source: file:/C:/Users/Alex/IdeaProjects/AchieveS/build/reports/tests/1537370999389.0.html\nTimeout: 4 s.\nCaused by: WebDriverException: unknown error: Element <a id=\"menu_link_3\" href=\"javascript:expandSublinks('3');\" class=\"report_category\" onmouseover=\"window.status = '...'; return true;\" onmouseout=\"window.status = ''; return true;\">Usage Reports</a> is not clickable at point (445, 556). Other element would receive the click: <div id=\"walkme-popup-background\" class=\"mt-to-destroy\" style=\"opacity: 0.7; position: fixed; height: 100%; width: 100%; top: 0px; left: 0px; background: rgb(0, 0, 0); z-index: 2147483630;\"></div>\r\n\tat com.codeborne.selenide.impl.WebElementSource.createElementNotFoundError(WebElementSource.java:31)\r\n\tat com.codeborne.selenide.impl.CollectionElement.createElementNotFoundError(CollectionElement.java:42)\r\n\tat com.codeborne.selenide.impl.SelenideElementProxy.dispatchAndRetry(SelenideElementProxy.java:119)\r\n\tat com.codeborne.selenide.impl.SelenideElementProxy.invoke(SelenideElementProxy.java:65)\r\n\tat com.sun.proxy.$Proxy42.click(Unknown Source)\r\n\tat com.a3k.testCases.incognita.part3.US13443_US9954_SparkAndKBAUsers.check_US13443_US9954_SparkAndKBAUsers(US13443_US9954_SparkAndKBAUsers.java:123)\r\n\tat sun.reflect.NativeMethodAccessorImpl.invoke0(Native Method)\r\n\tat sun.reflect.NativeMethodAccessorImpl.invoke(NativeMethodAccessorImpl.java:62)\r\n\tat sun.reflect.DelegatingMethodAccessorImpl.invoke(DelegatingMethodAccessorImpl.java:43)\r\n\tat java.lang.reflect.Method.invoke(Method.java:498)\r\n\tat org.testng.internal.MethodInvocationHelper.invokeMethod(MethodInvocationHelper.java:124)\r\n\tat org.testng.internal.Invoker.invokeMethod(Invoker.java:583)\r\n\tat org.testng.internal.Invoker.invokeTestMethod(Invoker.java:719)\r\n\tat org.testng.internal.Invoker.invokeTestMethods(Invoker.java:989)\r\n\tat org.testng.internal.TestMethodWorker.invokeTestMethods(TestMethodWorker.java:125)\r\n\tat org.testng.internal.TestMethodWorker.run(TestMethodWorker.java:109)\r\n\tat java.util.concurrent.ThreadPoolExecutor.runWorker(ThreadPoolExecutor.java:1149)\r\n\tat java.util.concurrent.ThreadPoolExecutor$Worker.run(ThreadPoolExecutor.java:624)\r\n\tat java.lang.Thread.run(Thread.java:748)\r\nCaused by: org.openqa.selenium.WebDriverException: unknown error: Element <a id=\"menu_link_3\" href=\"javascript:expandSublinks('3');\" class=\"report_category\" onmouseover=\"window.status = '...'; return true;\" onmouseout=\"window.status = ''; return true;\">Usage Reports</a> is not clickable at point (445, 556). Other element would receive the click: <div id=\"walkme-popup-background\" class=\"mt-to-destroy\" style=\"opacity: 0.7; position: fixed; height: 100%; width: 100%; top: 0px; left: 0px; background: rgb(0, 0, 0); z-index: 2147483630;\"></div>\n  (Session info: chrome=69.0.3497.100)\n  (Driver info: chromedriver=2.42.591088 (7b2b2dca23cca0862f674758c9a3933e685c27d5),platform=Windows NT 6.2.9200 x86_64) (WARNING: The server did not provide any stacktrace information)\nCommand duration or timeout: 0 milliseconds\nBuild info: version: '3.13.0', revision: '2f0d292', time: '2018-06-25T15:24:21.231Z'\nSystem info: host: 'AVK', ip: '192.168.110.132', os.name: 'Windows 8', os.arch: 'amd64', os.version: '6.2', java.version: '1.8.0_162'\nDriver info: org.openqa.selenium.chrome.ChromeDriver\nCapabilities {acceptInsecureCerts: false, acceptSslCerts: false, applicationCacheEnabled: false, browserConnectionEnabled: false, browserName: chrome, chrome: {chromedriverVersion: 2.42.591088 (7b2b2dca23cca0..., userDataDir: C:\\Users\\Alex\\AppData\\Local...}, cssSelectorsEnabled: true, databaseEnabled: false, goog:chromeOptions: {debuggerAddress: localhost:61544}, handlesAlerts: true, hasTouchScreen: false, javascriptEnabled: true, locationContextEnabled: true, mobileEmulationEnabled: false, nativeEvents: true, networkConnectionEnabled: false, pageLoadStrategy: normal, platform: XP, platformName: XP, rotatable: false, setWindowRect: true, takesHeapSnapshot: true, takesScreenshot: true, unexpectedAlertBehaviour: , unhandledPromptBehavior: , version: 69.0.3497.100, webStorageEnabled: true}\nSession ID: 1595d045d0c54aab009d018b6e9200df\r\n\tat sun.reflect.NativeConstructorAccessorImpl.newInstance0(Native Method)\r\n\tat sun.reflect.NativeConstructorAccessorImpl.newInstance(NativeConstructorAccessorImpl.java:62)\r\n\tat sun.reflect.DelegatingConstructorAccessorImpl.newInstance(DelegatingConstructorAccessorImpl.java:45)\r\n\tat java.lang.reflect.Constructor.newInstance(Constructor.java:423)\r\n\tat org.openqa.selenium.remote.ErrorHandler.createThrowable(ErrorHandler.java:214)\r\n\tat org.openqa.selenium.remote.ErrorHandler.throwIfResponseFailed(ErrorHandler.java:166)\r\n\tat org.openqa.selenium.remote.http.JsonHttpResponseCodec.reconstructValue(JsonHttpResponseCodec.java:40)\r\n\tat org.openqa.selenium.remote.http.AbstractHttpResponseCodec.decode(AbstractHttpResponseCodec.java:80)\r\n\tat org.openqa.selenium.remote.http.AbstractHttpResponseCodec.decode(AbstractHttpResponseCodec.java:44)\r\n\tat org.openqa.selenium.remote.HttpCommandExecutor.execute(HttpCommandExecutor.java:158)\r\n\tat org.openqa.selenium.remote.service.DriverCommandExecutor.execute(DriverCommandExecutor.java:83)\r\n\tat org.openqa.selenium.remote.RemoteWebDriver.execute(RemoteWebDriver.java:548)\r\n\tat org.openqa.selenium.remote.RemoteWebElement.execute(RemoteWebElement.java:276)\r\n\tat org.openqa.selenium.remote.RemoteWebElement.click(RemoteWebElement.java:83)\r\n\tat com.codeborne.selenide.commands.Click.click(Click.java:29)\r\n\tat com.codeborne.selenide.commands.Click.execute(Click.java:16)\r\n\tat com.codeborne.selenide.commands.Click.execute(Click.java:12)\r\n\tat com.codeborne.selenide.commands.Commands.execute(Commands.java:144)\r\n\tat com.codeborne.selenide.impl.SelenideElementProxy.dispatchAndRetry(SelenideElementProxy.java:90)\r\n\t... 16 more\r\n"},"stage":"finished","start":1537370965698,"stop":1537371007240,"parameters":[{"name":"arg0","value":"usteach13443.alexspark"},{"name":"arg1","value":"usteach13443.alexspark"},{"name":"arg2","value":"Spark3000"},{"name":"arg3","value":""}]}